


ARM Macro Assembler    Page 1 


    1 00000000         ; <<< Use Configuration Wizard in Context Menu >>>
    2 00000000         ;*******************************************************
                       ***********************
    3 00000000         ;
    4 00000000         ; startup_rvmdk.S - Startup code for use with Keil's uVi
                       sion.
    5 00000000         ;
    6 00000000         ; Copyright (c) 2013-2015 Texas Instruments Incorporated
                       .  All rights reserved.
    7 00000000         ; Software License Agreement
    8 00000000         ; 
    9 00000000         ;   Redistribution and use in source and binary forms, w
                       ith or without
   10 00000000         ;   modification, are permitted provided that the follow
                       ing conditions
   11 00000000         ;   are met:
   12 00000000         ; 
   13 00000000         ;   Redistributions of source code must retain the above
                        copyright
   14 00000000         ;   notice, this list of conditions and the following di
                       sclaimer.
   15 00000000         ; 
   16 00000000         ;   Redistributions in binary form must reproduce the ab
                       ove copyright
   17 00000000         ;   notice, this list of conditions and the following di
                       sclaimer in the
   18 00000000         ;   documentation and/or other materials provided with t
                       he  
   19 00000000         ;   distribution.
   20 00000000         ; 
   21 00000000         ;   Neither the name of Texas Instruments Incorporated n
                       or the names of
   22 00000000         ;   its contributors may be used to endorse or promote p
                       roducts derived
   23 00000000         ;   from this software without specific prior written pe
                       rmission.
   24 00000000         ; 
   25 00000000         ; THIS SOFTWARE IS PROVIDED BY THE COPYRIGHT HOLDERS AND
                        CONTRIBUTORS
   26 00000000         ; "AS IS" AND ANY EXPRESS OR IMPLIED WARRANTIES, INCLUDI
                       NG, BUT NOT
   27 00000000         ; LIMITED TO, THE IMPLIED WARRANTIES OF MERCHANTABILITY 
                       AND FITNESS FOR
   28 00000000         ; A PARTICULAR PURPOSE ARE DISCLAIMED. IN NO EVENT SHALL
                        THE COPYRIGHT
   29 00000000         ; OWNER OR CONTRIBUTORS BE LIABLE FOR ANY DIRECT, INDIRE
                       CT, INCIDENTAL,
   30 00000000         ; SPECIAL, EXEMPLARY, OR CONSEQUENTIAL DAMAGES (INCLUDIN
                       G, BUT NOT
   31 00000000         ; LIMITED TO, PROCUREMENT OF SUBSTITUTE GOODS OR SERVICE
                       S; LOSS OF USE,
   32 00000000         ; DATA, OR PROFITS; OR BUSINESS INTERRUPTION) HOWEVER CA
                       USED AND ON ANY
   33 00000000         ; THEORY OF LIABILITY, WHETHER IN CONTRACT, STRICT LIABI
                       LITY, OR TORT
   34 00000000         ; (INCLUDING NEGLIGENCE OR OTHERWISE) ARISING IN ANY WAY
                        OUT OF THE USE
   35 00000000         ; OF THIS SOFTWARE, EVEN IF ADVISED OF THE POSSIBILITY O
                       F SUCH DAMAGE.



ARM Macro Assembler    Page 2 


   36 00000000         ; 
   37 00000000         ; This is part of revision 2.1.1.71 of the Tiva Firmware
                        Development Package.
   38 00000000         ;
   39 00000000         ;*******************************************************
                       ***********************
   40 00000000         
   41 00000000         
   42 00000000         ;*******************************************************
                       ***********************
   43 00000000         ;
   44 00000000         ; <o> Stack Size (in Bytes) <0x0-0xFFFFFFFF:8>
   45 00000000         ;
   46 00000000         ;*******************************************************
                       ***********************
   47 00000000 00000100 
                       Stack   EQU              0x00000100
   48 00000000         
   49 00000000         ;*******************************************************
                       ***********************
   50 00000000         ;
   51 00000000         ; <o> Heap Size (in Bytes) <0x0-0xFFFFFFFF:8>
   52 00000000         ;
   53 00000000         ;*******************************************************
                       ***********************
   54 00000000 00000000 
                       Heap    EQU              0x00000000
   55 00000000         
   56 00000000         ;*******************************************************
                       ***********************
   57 00000000         ;
   58 00000000         ; Allocate space for the stack.
   59 00000000         ;
   60 00000000         ;*******************************************************
                       ***********************
   61 00000000                 AREA             STACK, NOINIT, READWRITE, ALIGN
=3
   62 00000000         StackMem
   63 00000000                 SPACE            Stack
   64 00000100         __initial_sp
   65 00000100         
   66 00000100         ;*******************************************************
                       ***********************
   67 00000100         ;
   68 00000100         ; Allocate space for the heap.
   69 00000100         ;
   70 00000100         ;*******************************************************
                       ***********************
   71 00000100                 AREA             HEAP, NOINIT, READWRITE, ALIGN=
3
   72 00000000         __heap_base
   73 00000000         HeapMem
   74 00000000                 SPACE            Heap
   75 00000000         __heap_limit
   76 00000000         
   77 00000000         ;*******************************************************
                       ***********************
   78 00000000         ;
   79 00000000         ; Indicate that the code in this file preserves 8-byte a



ARM Macro Assembler    Page 3 


                       lignment of the stack.
   80 00000000         ;
   81 00000000         ;*******************************************************
                       ***********************
   82 00000000                 PRESERVE8
   83 00000000         
   84 00000000         ;*******************************************************
                       ***********************
   85 00000000         ;
   86 00000000         ; Place code into the reset code section.
   87 00000000         ;
   88 00000000         ;*******************************************************
                       ***********************
   89 00000000                 AREA             RESET, CODE, READONLY
   90 00000000                 THUMB
   91 00000000         
   92 00000000         ;*******************************************************
                       ***********************
   93 00000000         ;
   94 00000000         ; The vector table.
   95 00000000         ;
   96 00000000         ;*******************************************************
                       ***********************
   97 00000000                 EXPORT           __Vectors
   98 00000000         __Vectors
   99 00000000 00000100        DCD              StackMem + Stack ; Top of Stack
                                                            
  100 00000004 00000000        DCD              Reset_Handler ; Reset Handler
  101 00000008 00000000        DCD              NmiSR       ; NMI Handler
  102 0000000C 00000000        DCD              FaultISR    ; Hard Fault Handle
                                                            r
  103 00000010 00000000        DCD              IntDefaultHandler ; The MPU fau
                                                            lt handler
  104 00000014 00000000        DCD              IntDefaultHandler ; The bus fau
                                                            lt handler
  105 00000018 00000000        DCD              IntDefaultHandler ; The usage f
                                                            ault handler
  106 0000001C 00000000        DCD              0           ; Reserved
  107 00000020 00000000        DCD              0           ; Reserved
  108 00000024 00000000        DCD              0           ; Reserved
  109 00000028 00000000        DCD              0           ; Reserved
  110 0000002C 00000000        DCD              IntDefaultHandler 
                                                            ; SVCall handler
  111 00000030 00000000        DCD              IntDefaultHandler ; Debug monit
                                                            or handler
  112 00000034 00000000        DCD              0           ; Reserved
  113 00000038 00000000        DCD              IntDefaultHandler ; The PendSV 
                                                            handler
  114 0000003C 00000000        DCD              IntDefaultHandler ; The SysTick
                                                             handler
  115 00000040 00000000        DCD              IntDefaultHandler ; GPIO Port A
                                                            
  116 00000044 00000000        DCD              GPIOBIntHandler ; GPIO Port B
  117 00000048 00000000        DCD              IntDefaultHandler ; GPIO Port C
                                                            
  118 0000004C 00000000        DCD              IntDefaultHandler ; GPIO Port D
                                                            
  119 00000050 00000000        DCD              IntDefaultHandler ; GPIO Port E
                                                            



ARM Macro Assembler    Page 4 


  120 00000054 00000000        DCD              IntDefaultHandler 
                                                            ; UART0 Rx and Tx
  121 00000058 00000000        DCD              IntDefaultHandler 
                                                            ; UART1 Rx and Tx
  122 0000005C 00000000        DCD              IntDefaultHandler 
                                                            ; SSI0 Rx and Tx
  123 00000060 00000000        DCD              IntDefaultHandler ; I2C0 Master
                                                             and Slave
  124 00000064 00000000        DCD              IntDefaultHandler ; PWM Fault
  125 00000068 00000000        DCD              IntDefaultHandler 
                                                            ; PWM Generator 0
  126 0000006C 00000000        DCD              IntDefaultHandler 
                                                            ; PWM Generator 1
  127 00000070 00000000        DCD              IntDefaultHandler 
                                                            ; PWM Generator 2
  128 00000074 00000000        DCD              IntDefaultHandler ; Quadrature 
                                                            Encoder 0
  129 00000078 00000000        DCD              IntDefaultHandler 
                                                            ; ADC Sequence 0
  130 0000007C 00000000        DCD              IntDefaultHandler 
                                                            ; ADC Sequence 1
  131 00000080 00000000        DCD              IntDefaultHandler 
                                                            ; ADC Sequence 2
  132 00000084 00000000        DCD              IntDefaultHandler 
                                                            ; ADC Sequence 3
  133 00000088 00000000        DCD              IntDefaultHandler 
                                                            ; Watchdog timer
  134 0000008C 00000000        DCD              Timer0AIntHandler ; Timer 0 sub
                                                            timer A
  135 00000090 00000000        DCD              IntDefaultHandler ; Timer 0 sub
                                                            timer B
  136 00000094 00000000        DCD              IntDefaultHandler ; Timer 1 sub
                                                            timer A
  137 00000098 00000000        DCD              IntDefaultHandler ; Timer 1 sub
                                                            timer B
  138 0000009C 00000000        DCD              IntDefaultHandler ; Timer 2 sub
                                                            timer A
  139 000000A0 00000000        DCD              IntDefaultHandler ; Timer 2 sub
                                                            timer B
  140 000000A4 00000000        DCD              IntDefaultHandler ; Analog Comp
                                                            arator 0
  141 000000A8 00000000        DCD              IntDefaultHandler ; Analog Comp
                                                            arator 1
  142 000000AC 00000000        DCD              IntDefaultHandler ; Analog Comp
                                                            arator 2
  143 000000B0 00000000        DCD              IntDefaultHandler ; System Cont
                                                            rol (PLL, OSC, BO)
  144 000000B4 00000000        DCD              IntDefaultHandler 
                                                            ; FLASH Control
  145 000000B8 00000000        DCD              IntDefaultHandler ; GPIO Port F
                                                            
  146 000000BC 00000000        DCD              IntDefaultHandler ; GPIO Port G
                                                            
  147 000000C0 00000000        DCD              IntDefaultHandler ; GPIO Port H
                                                            
  148 000000C4 00000000        DCD              IntDefaultHandler 
                                                            ; UART2 Rx and Tx
  149 000000C8 00000000        DCD              IntDefaultHandler 
                                                            ; SSI1 Rx and Tx



ARM Macro Assembler    Page 5 


  150 000000CC 00000000        DCD              IntDefaultHandler ; Timer 3 sub
                                                            timer A
  151 000000D0 00000000        DCD              IntDefaultHandler ; Timer 3 sub
                                                            timer B
  152 000000D4 00000000        DCD              IntDefaultHandler ; I2C1 Master
                                                             and Slave
  153 000000D8 00000000        DCD              IntDefaultHandler ; Quadrature 
                                                            Encoder 1
  154 000000DC 00000000        DCD              IntDefaultHandler ; CAN0
  155 000000E0 00000000        DCD              IntDefaultHandler ; CAN1
  156 000000E4 00000000        DCD              0           ; Reserved
  157 000000E8 00000000        DCD              0           ; Reserved
  158 000000EC 00000000        DCD              IntDefaultHandler ; Hibernate
  159 000000F0 00000000        DCD              IntDefaultHandler ; USB0
  160 000000F4 00000000        DCD              IntDefaultHandler 
                                                            ; PWM Generator 3
  161 000000F8 00000000        DCD              IntDefaultHandler ; uDMA Softwa
                                                            re Transfer
  162 000000FC 00000000        DCD              IntDefaultHandler ; uDMA Error
  163 00000100 00000000        DCD              IntDefaultHandler 
                                                            ; ADC1 Sequence 0
  164 00000104 00000000        DCD              IntDefaultHandler 
                                                            ; ADC1 Sequence 1
  165 00000108 00000000        DCD              IntDefaultHandler 
                                                            ; ADC1 Sequence 2
  166 0000010C 00000000        DCD              IntDefaultHandler 
                                                            ; ADC1 Sequence 3
  167 00000110 00000000        DCD              0           ; Reserved
  168 00000114 00000000        DCD              0           ; Reserved
  169 00000118 00000000        DCD              IntDefaultHandler ; GPIO Port J
                                                            
  170 0000011C 00000000        DCD              IntDefaultHandler ; GPIO Port K
                                                            
  171 00000120 00000000        DCD              IntDefaultHandler ; GPIO Port L
                                                            
  172 00000124 00000000        DCD              IntDefaultHandler 
                                                            ; SSI2 Rx and Tx
  173 00000128 00000000        DCD              IntDefaultHandler 
                                                            ; SSI3 Rx and Tx
  174 0000012C 00000000        DCD              IntDefaultHandler 
                                                            ; UART3 Rx and Tx
  175 00000130 00000000        DCD              IntDefaultHandler 
                                                            ; UART4 Rx and Tx
  176 00000134 00000000        DCD              IntDefaultHandler 
                                                            ; UART5 Rx and Tx
  177 00000138 00000000        DCD              IntDefaultHandler 
                                                            ; UART6 Rx and Tx
  178 0000013C 00000000        DCD              IntDefaultHandler 
                                                            ; UART7 Rx and Tx
  179 00000140 00000000        DCD              0           ; Reserved
  180 00000144 00000000        DCD              0           ; Reserved
  181 00000148 00000000        DCD              0           ; Reserved
  182 0000014C 00000000        DCD              0           ; Reserved
  183 00000150 00000000        DCD              IntDefaultHandler ; I2C2 Master
                                                             and Slave
  184 00000154 00000000        DCD              IntDefaultHandler ; I2C3 Master
                                                             and Slave
  185 00000158 00000000        DCD              IntDefaultHandler ; Timer 4 sub
                                                            timer A



ARM Macro Assembler    Page 6 


  186 0000015C 00000000        DCD              IntDefaultHandler ; Timer 4 sub
                                                            timer B
  187 00000160 00000000        DCD              0           ; Reserved
  188 00000164 00000000        DCD              0           ; Reserved
  189 00000168 00000000        DCD              0           ; Reserved
  190 0000016C 00000000        DCD              0           ; Reserved
  191 00000170 00000000        DCD              0           ; Reserved
  192 00000174 00000000        DCD              0           ; Reserved
  193 00000178 00000000        DCD              0           ; Reserved
  194 0000017C 00000000        DCD              0           ; Reserved
  195 00000180 00000000        DCD              0           ; Reserved
  196 00000184 00000000        DCD              0           ; Reserved
  197 00000188 00000000        DCD              0           ; Reserved
  198 0000018C 00000000        DCD              0           ; Reserved
  199 00000190 00000000        DCD              0           ; Reserved
  200 00000194 00000000        DCD              0           ; Reserved
  201 00000198 00000000        DCD              0           ; Reserved
  202 0000019C 00000000        DCD              0           ; Reserved
  203 000001A0 00000000        DCD              0           ; Reserved
  204 000001A4 00000000        DCD              0           ; Reserved
  205 000001A8 00000000        DCD              0           ; Reserved
  206 000001AC 00000000        DCD              0           ; Reserved
  207 000001B0 00000000        DCD              IntDefaultHandler ; Timer 5 sub
                                                            timer A
  208 000001B4 00000000        DCD              IntDefaultHandler ; Timer 5 sub
                                                            timer B
  209 000001B8 00000000        DCD              IntDefaultHandler ; Wide Timer 
                                                            0 subtimer A
  210 000001BC 00000000        DCD              IntDefaultHandler ; Wide Timer 
                                                            0 subtimer B
  211 000001C0 00000000        DCD              IntDefaultHandler ; Wide Timer 
                                                            1 subtimer A
  212 000001C4 00000000        DCD              IntDefaultHandler ; Wide Timer 
                                                            1 subtimer B
  213 000001C8 00000000        DCD              IntDefaultHandler ; Wide Timer 
                                                            2 subtimer A
  214 000001CC 00000000        DCD              IntDefaultHandler ; Wide Timer 
                                                            2 subtimer B
  215 000001D0 00000000        DCD              IntDefaultHandler ; Wide Timer 
                                                            3 subtimer A
  216 000001D4 00000000        DCD              IntDefaultHandler ; Wide Timer 
                                                            3 subtimer B
  217 000001D8 00000000        DCD              IntDefaultHandler ; Wide Timer 
                                                            4 subtimer A
  218 000001DC 00000000        DCD              IntDefaultHandler ; Wide Timer 
                                                            4 subtimer B
  219 000001E0 00000000        DCD              IntDefaultHandler ; Wide Timer 
                                                            5 subtimer A
  220 000001E4 00000000        DCD              IntDefaultHandler ; Wide Timer 
                                                            5 subtimer B
  221 000001E8 00000000        DCD              IntDefaultHandler ; FPU
  222 000001EC 00000000        DCD              IntDefaultHandler ; PECI 0
  223 000001F0 00000000        DCD              IntDefaultHandler ; LPC 0
  224 000001F4 00000000        DCD              IntDefaultHandler ; I2C4 Master
                                                             and Slave
  225 000001F8 00000000        DCD              IntDefaultHandler ; I2C5 Master
                                                             and Slave
  226 000001FC 00000000        DCD              IntDefaultHandler ; GPIO Port M
                                                            



ARM Macro Assembler    Page 7 


  227 00000200 00000000        DCD              IntDefaultHandler ; GPIO Port N
                                                            
  228 00000204 00000000        DCD              IntDefaultHandler ; Quadrature 
                                                            Encoder 2
  229 00000208 00000000        DCD              IntDefaultHandler ; Fan 0
  230 0000020C 00000000        DCD              0           ; Reserved
  231 00000210 00000000        DCD              IntDefaultHandler ; GPIO Port P
                                                             (Summary or P0)
  232 00000214 00000000        DCD              IntDefaultHandler 
                                                            ; GPIO Port P1
  233 00000218 00000000        DCD              IntDefaultHandler 
                                                            ; GPIO Port P2
  234 0000021C 00000000        DCD              IntDefaultHandler 
                                                            ; GPIO Port P3
  235 00000220 00000000        DCD              IntDefaultHandler 
                                                            ; GPIO Port P4
  236 00000224 00000000        DCD              IntDefaultHandler 
                                                            ; GPIO Port P5
  237 00000228 00000000        DCD              IntDefaultHandler 
                                                            ; GPIO Port P6
  238 0000022C 00000000        DCD              IntDefaultHandler 
                                                            ; GPIO Port P7
  239 00000230 00000000        DCD              IntDefaultHandler ; GPIO Port Q
                                                             (Summary or Q0)
  240 00000234 00000000        DCD              IntDefaultHandler 
                                                            ; GPIO Port Q1
  241 00000238 00000000        DCD              IntDefaultHandler 
                                                            ; GPIO Port Q2
  242 0000023C 00000000        DCD              IntDefaultHandler 
                                                            ; GPIO Port Q3
  243 00000240 00000000        DCD              IntDefaultHandler 
                                                            ; GPIO Port Q4
  244 00000244 00000000        DCD              IntDefaultHandler 
                                                            ; GPIO Port Q5
  245 00000248 00000000        DCD              IntDefaultHandler 
                                                            ; GPIO Port Q6
  246 0000024C 00000000        DCD              IntDefaultHandler 
                                                            ; GPIO Port Q7
  247 00000250 00000000        DCD              IntDefaultHandler ; GPIO Port R
                                                            
  248 00000254 00000000        DCD              IntDefaultHandler ; GPIO Port S
                                                            
  249 00000258 00000000        DCD              IntDefaultHandler 
                                                            ; PWM 1 Generator 0
                                                            
  250 0000025C 00000000        DCD              IntDefaultHandler 
                                                            ; PWM 1 Generator 1
                                                            
  251 00000260 00000000        DCD              IntDefaultHandler 
                                                            ; PWM 1 Generator 2
                                                            
  252 00000264 00000000        DCD              IntDefaultHandler 
                                                            ; PWM 1 Generator 3
                                                            
  253 00000268 00000000        DCD              IntDefaultHandler ; PWM 1 Fault
                                                            
  254 0000026C         ;*******************************************************
                       ***********************
  255 0000026C         ;



ARM Macro Assembler    Page 8 


  256 0000026C         ;      中断函数注册列表
  257 0000026C         ;
  258 0000026C         ;*******************************************************
                       ***********************
  259 0000026C                 EXTERN           Timer0AIntHandler ;
  260 0000026C                 EXTERN           GPIOBIntHandler ;
  261 0000026C         
  262 0000026C         ;*******************************************************
                       ***********************
  263 0000026C         ;
  264 0000026C         ; This is the code that gets called when the processor f
                       irst starts execution
  265 0000026C         ; following a reset event.
  266 0000026C         ;
  267 0000026C         ;*******************************************************
                       ***********************
  268 0000026C         
  269 0000026C         ;
  270 0000026C                 EXPORT           Reset_Handler
  271 0000026C         Reset_Handler
  272 0000026C         ;
  273 0000026C         ; Enable the floating-point unit.  This must be done her
                       e to handle the
  274 0000026C         ; case where main() uses floating-point and the function
                        prologue saves
  275 0000026C         ; floating-point registers (which will fault if floating
                       -point is not
  276 0000026C         ; enabled).  Any configuration of the floating-point uni
                       t using
  277 0000026C         ; DriverLib APIs must be done here prior to the floating
                       -point unit
  278 0000026C         ; being enabled.
  279 0000026C         ;
  280 0000026C         ; Note that this does not use DriverLib since it might n
                       ot be included
  281 0000026C         ; in this project.
  282 0000026C         ;
  283 0000026C F64E 5088       MOVW             R0, #0xED88
  284 00000270 F2CE 0000       MOVT             R0, #0xE000
  285 00000274 6801            LDR              R1, [R0]
  286 00000276 F441 0170       ORR              R1, #0x00F00000
  287 0000027A 6001            STR              R1, [R0]
  288 0000027C         
  289 0000027C         ;
  290 0000027C         ; Call the C library enty point that handles startup.  T
                       his will copy
  291 0000027C         ; the .data section initializers from flash to SRAM and 
                       zero fill the
  292 0000027C         ; .bss section.
  293 0000027C         ;
  294 0000027C                 IMPORT           __main
  295 0000027C F7FF BFFE       B                __main
  296 00000280         
  297 00000280         ;*******************************************************
                       ***********************
  298 00000280         ;
  299 00000280         ; This is the code that gets called when the processor r
                       eceives a NMI.  This
  300 00000280         ; simply enters an infinite loop, preserving the system 



ARM Macro Assembler    Page 9 


                       state for examination
  301 00000280         ; by a debugger.
  302 00000280         ;
  303 00000280         ;*******************************************************
                       ***********************
  304 00000280         NmiSR
  305 00000280 E7FE            B                NmiSR
  306 00000282         
  307 00000282         ;*******************************************************
                       ***********************
  308 00000282         ;
  309 00000282         ; This is the code that gets called when the processor r
                       eceives a fault
  310 00000282         ; interrupt.  This simply enters an infinite loop, prese
                       rving the system state
  311 00000282         ; for examination by a debugger.
  312 00000282         ;
  313 00000282         ;*******************************************************
                       ***********************
  314 00000282         FaultISR
  315 00000282 E7FE            B                FaultISR
  316 00000284         
  317 00000284         ;*******************************************************
                       ***********************
  318 00000284         ;
  319 00000284         ; This is the code that gets called when the processor r
                       eceives an unexpected
  320 00000284         ; interrupt.  This simply enters an infinite loop, prese
                       rving the system state
  321 00000284         ; for examination by a debugger.
  322 00000284         ;
  323 00000284         ;*******************************************************
                       ***********************
  324 00000284         IntDefaultHandler
  325 00000284 E7FE            B                IntDefaultHandler
  326 00000286         
  327 00000286         ;*******************************************************
                       ***********************
  328 00000286         
  329 00000286         
  330 00000286         
  331 00000286         ; Make sure the end of this section is aligned.
  332 00000286         ;
  333 00000286         ;*******************************************************
                       ***********************
  334 00000286 00 00           ALIGN
  335 00000288         
  336 00000288         ;*******************************************************
                       ***********************
  337 00000288         ;
  338 00000288         ; Some code in the normal code section for initializing 
                       the heap and stack.
  339 00000288         ;
  340 00000288         ;*******************************************************
                       ***********************
  341 00000288                 AREA             |.text|, CODE, READONLY
  342 00000000         
  343 00000000         ;*******************************************************
                       ***********************



ARM Macro Assembler    Page 10 


  344 00000000         ;
  345 00000000         ; The function expected of the C library startup code fo
                       r defining the stack
  346 00000000         ; and heap memory locations.  For the C library version 
                       of the startup code,
  347 00000000         ; provide this function so that the C library initializa
                       tion code can find out
  348 00000000         ; the location of the stack and heap.
  349 00000000         ;
  350 00000000         ;*******************************************************
                       ***********************
  351 00000000                 IF               :DEF: __MICROLIB
  356 00000000                 IMPORT           __use_two_region_memory
  357 00000000                 EXPORT           __user_initial_stackheap
  358 00000000         __user_initial_stackheap
  359 00000000 4802            LDR              R0, =HeapMem
  360 00000002 4903            LDR              R1, =(StackMem + Stack)
  361 00000004 4A01            LDR              R2, =(HeapMem + Heap)
  362 00000006 4B03            LDR              R3, =StackMem
  363 00000008 4770            BX               LR
  364 0000000A                 ENDIF
  365 0000000A         
  366 0000000A         ;*******************************************************
                       ***********************
  367 0000000A         ;
  368 0000000A         ; Make sure the end of this section is aligned.
  369 0000000A         ;
  370 0000000A         ;*******************************************************
                       ***********************
  371 0000000A 00 00           ALIGN
  372 0000000C         
  373 0000000C         ;*******************************************************
                       ***********************
  374 0000000C         ;
  375 0000000C         ; Tell the assembler that we're done.
  376 0000000C         ;
  377 0000000C         ;*******************************************************
                       ***********************
  378 0000000C                 END
              00000000 
              00000100 
              00000000 
Command Line: --debug --xref --diag_suppress=9931 --cpu=Cortex-M4.fp --apcs=int
erwork --depend=.\__objects\startup_rvmdk.d -o.\__objects\startup_rvmdk.o --pre
define="__UVISION_VERSION SETA 515" --predefine="TM4C123GH6PZ SETA 1" --list=.\
__listings\startup_rvmdk.lst _00_Library\rvmdk\startup_rvmdk.S



ARM Macro Assembler    Page 1 Alphabetic symbol ordering
Relocatable symbols

STACK 00000000

Symbol: STACK
   Definitions
      At line 61 in file _00_Library\rvmdk\startup_rvmdk.S
   Uses
      None
Comment: STACK unused
StackMem 00000000

Symbol: StackMem
   Definitions
      At line 62 in file _00_Library\rvmdk\startup_rvmdk.S
   Uses
      At line 99 in file _00_Library\rvmdk\startup_rvmdk.S
      At line 360 in file _00_Library\rvmdk\startup_rvmdk.S
      At line 362 in file _00_Library\rvmdk\startup_rvmdk.S

__initial_sp 00000100

Symbol: __initial_sp
   Definitions
      At line 64 in file _00_Library\rvmdk\startup_rvmdk.S
   Uses
      None
Comment: __initial_sp unused
3 symbols



ARM Macro Assembler    Page 1 Alphabetic symbol ordering
Relocatable symbols

HEAP 00000000

Symbol: HEAP
   Definitions
      At line 71 in file _00_Library\rvmdk\startup_rvmdk.S
   Uses
      None
Comment: HEAP unused
HeapMem 00000000

Symbol: HeapMem
   Definitions
      At line 73 in file _00_Library\rvmdk\startup_rvmdk.S
   Uses
      At line 359 in file _00_Library\rvmdk\startup_rvmdk.S
      At line 361 in file _00_Library\rvmdk\startup_rvmdk.S

__heap_base 00000000

Symbol: __heap_base
   Definitions
      At line 72 in file _00_Library\rvmdk\startup_rvmdk.S
   Uses
      None
Comment: __heap_base unused
__heap_limit 00000000

Symbol: __heap_limit
   Definitions
      At line 75 in file _00_Library\rvmdk\startup_rvmdk.S
   Uses
      None
Comment: __heap_limit unused
4 symbols



ARM Macro Assembler    Page 1 Alphabetic symbol ordering
Relocatable symbols

FaultISR 00000282

Symbol: FaultISR
   Definitions
      At line 314 in file _00_Library\rvmdk\startup_rvmdk.S
   Uses
      At line 102 in file _00_Library\rvmdk\startup_rvmdk.S
      At line 315 in file _00_Library\rvmdk\startup_rvmdk.S

IntDefaultHandler 00000284

Symbol: IntDefaultHandler
   Definitions
      At line 324 in file _00_Library\rvmdk\startup_rvmdk.S
   Uses
      At line 103 in file _00_Library\rvmdk\startup_rvmdk.S
      At line 104 in file _00_Library\rvmdk\startup_rvmdk.S
      At line 105 in file _00_Library\rvmdk\startup_rvmdk.S
      At line 110 in file _00_Library\rvmdk\startup_rvmdk.S
      At line 111 in file _00_Library\rvmdk\startup_rvmdk.S
      At line 113 in file _00_Library\rvmdk\startup_rvmdk.S
      At line 114 in file _00_Library\rvmdk\startup_rvmdk.S
      At line 115 in file _00_Library\rvmdk\startup_rvmdk.S
      At line 117 in file _00_Library\rvmdk\startup_rvmdk.S
      At line 118 in file _00_Library\rvmdk\startup_rvmdk.S
      At line 119 in file _00_Library\rvmdk\startup_rvmdk.S
      At line 120 in file _00_Library\rvmdk\startup_rvmdk.S
      At line 121 in file _00_Library\rvmdk\startup_rvmdk.S
      At line 122 in file _00_Library\rvmdk\startup_rvmdk.S
      At line 123 in file _00_Library\rvmdk\startup_rvmdk.S
      At line 124 in file _00_Library\rvmdk\startup_rvmdk.S
      At line 125 in file _00_Library\rvmdk\startup_rvmdk.S
      At line 126 in file _00_Library\rvmdk\startup_rvmdk.S
      At line 127 in file _00_Library\rvmdk\startup_rvmdk.S
      At line 128 in file _00_Library\rvmdk\startup_rvmdk.S
      At line 129 in file _00_Library\rvmdk\startup_rvmdk.S
      At line 130 in file _00_Library\rvmdk\startup_rvmdk.S
      At line 131 in file _00_Library\rvmdk\startup_rvmdk.S
      At line 132 in file _00_Library\rvmdk\startup_rvmdk.S
      At line 133 in file _00_Library\rvmdk\startup_rvmdk.S
      At line 135 in file _00_Library\rvmdk\startup_rvmdk.S
      At line 136 in file _00_Library\rvmdk\startup_rvmdk.S
      At line 137 in file _00_Library\rvmdk\startup_rvmdk.S
      At line 138 in file _00_Library\rvmdk\startup_rvmdk.S
      At line 139 in file _00_Library\rvmdk\startup_rvmdk.S
      At line 140 in file _00_Library\rvmdk\startup_rvmdk.S
      At line 141 in file _00_Library\rvmdk\startup_rvmdk.S
      At line 142 in file _00_Library\rvmdk\startup_rvmdk.S
      At line 143 in file _00_Library\rvmdk\startup_rvmdk.S
      At line 144 in file _00_Library\rvmdk\startup_rvmdk.S
      At line 145 in file _00_Library\rvmdk\startup_rvmdk.S
      At line 146 in file _00_Library\rvmdk\startup_rvmdk.S
      At line 147 in file _00_Library\rvmdk\startup_rvmdk.S
      At line 148 in file _00_Library\rvmdk\startup_rvmdk.S
      At line 149 in file _00_Library\rvmdk\startup_rvmdk.S
      At line 150 in file _00_Library\rvmdk\startup_rvmdk.S
      At line 151 in file _00_Library\rvmdk\startup_rvmdk.S
      At line 152 in file _00_Library\rvmdk\startup_rvmdk.S
      At line 153 in file _00_Library\rvmdk\startup_rvmdk.S



ARM Macro Assembler    Page 2 Alphabetic symbol ordering
Relocatable symbols

      At line 154 in file _00_Library\rvmdk\startup_rvmdk.S
      At line 155 in file _00_Library\rvmdk\startup_rvmdk.S
      At line 158 in file _00_Library\rvmdk\startup_rvmdk.S
      At line 159 in file _00_Library\rvmdk\startup_rvmdk.S
      At line 160 in file _00_Library\rvmdk\startup_rvmdk.S
      At line 161 in file _00_Library\rvmdk\startup_rvmdk.S
      At line 162 in file _00_Library\rvmdk\startup_rvmdk.S
      At line 163 in file _00_Library\rvmdk\startup_rvmdk.S
      At line 164 in file _00_Library\rvmdk\startup_rvmdk.S
      At line 165 in file _00_Library\rvmdk\startup_rvmdk.S
      At line 166 in file _00_Library\rvmdk\startup_rvmdk.S
      At line 169 in file _00_Library\rvmdk\startup_rvmdk.S
      At line 170 in file _00_Library\rvmdk\startup_rvmdk.S
      At line 171 in file _00_Library\rvmdk\startup_rvmdk.S
      At line 172 in file _00_Library\rvmdk\startup_rvmdk.S
      At line 173 in file _00_Library\rvmdk\startup_rvmdk.S
      At line 174 in file _00_Library\rvmdk\startup_rvmdk.S
      At line 175 in file _00_Library\rvmdk\startup_rvmdk.S
      At line 176 in file _00_Library\rvmdk\startup_rvmdk.S
      At line 177 in file _00_Library\rvmdk\startup_rvmdk.S
      At line 178 in file _00_Library\rvmdk\startup_rvmdk.S
      At line 183 in file _00_Library\rvmdk\startup_rvmdk.S
      At line 184 in file _00_Library\rvmdk\startup_rvmdk.S
      At line 185 in file _00_Library\rvmdk\startup_rvmdk.S
      At line 186 in file _00_Library\rvmdk\startup_rvmdk.S
      At line 207 in file _00_Library\rvmdk\startup_rvmdk.S
      At line 208 in file _00_Library\rvmdk\startup_rvmdk.S
      At line 209 in file _00_Library\rvmdk\startup_rvmdk.S
      At line 210 in file _00_Library\rvmdk\startup_rvmdk.S
      At line 211 in file _00_Library\rvmdk\startup_rvmdk.S
      At line 212 in file _00_Library\rvmdk\startup_rvmdk.S
      At line 213 in file _00_Library\rvmdk\startup_rvmdk.S
      At line 214 in file _00_Library\rvmdk\startup_rvmdk.S
      At line 215 in file _00_Library\rvmdk\startup_rvmdk.S
      At line 216 in file _00_Library\rvmdk\startup_rvmdk.S
      At line 217 in file _00_Library\rvmdk\startup_rvmdk.S
      At line 218 in file _00_Library\rvmdk\startup_rvmdk.S
      At line 219 in file _00_Library\rvmdk\startup_rvmdk.S
      At line 220 in file _00_Library\rvmdk\startup_rvmdk.S
      At line 221 in file _00_Library\rvmdk\startup_rvmdk.S
      At line 222 in file _00_Library\rvmdk\startup_rvmdk.S
      At line 223 in file _00_Library\rvmdk\startup_rvmdk.S
      At line 224 in file _00_Library\rvmdk\startup_rvmdk.S
      At line 225 in file _00_Library\rvmdk\startup_rvmdk.S
      At line 226 in file _00_Library\rvmdk\startup_rvmdk.S
      At line 227 in file _00_Library\rvmdk\startup_rvmdk.S
      At line 228 in file _00_Library\rvmdk\startup_rvmdk.S
      At line 229 in file _00_Library\rvmdk\startup_rvmdk.S
      At line 231 in file _00_Library\rvmdk\startup_rvmdk.S
      At line 232 in file _00_Library\rvmdk\startup_rvmdk.S
      At line 233 in file _00_Library\rvmdk\startup_rvmdk.S
      At line 234 in file _00_Library\rvmdk\startup_rvmdk.S
      At line 235 in file _00_Library\rvmdk\startup_rvmdk.S
      At line 236 in file _00_Library\rvmdk\startup_rvmdk.S
      At line 237 in file _00_Library\rvmdk\startup_rvmdk.S
      At line 238 in file _00_Library\rvmdk\startup_rvmdk.S
      At line 239 in file _00_Library\rvmdk\startup_rvmdk.S
      At line 240 in file _00_Library\rvmdk\startup_rvmdk.S
      At line 241 in file _00_Library\rvmdk\startup_rvmdk.S



ARM Macro Assembler    Page 3 Alphabetic symbol ordering
Relocatable symbols

      At line 242 in file _00_Library\rvmdk\startup_rvmdk.S
      At line 243 in file _00_Library\rvmdk\startup_rvmdk.S
      At line 244 in file _00_Library\rvmdk\startup_rvmdk.S
      At line 245 in file _00_Library\rvmdk\startup_rvmdk.S
      At line 246 in file _00_Library\rvmdk\startup_rvmdk.S
      At line 247 in file _00_Library\rvmdk\startup_rvmdk.S
      At line 248 in file _00_Library\rvmdk\startup_rvmdk.S
      At line 249 in file _00_Library\rvmdk\startup_rvmdk.S
      At line 250 in file _00_Library\rvmdk\startup_rvmdk.S
      At line 251 in file _00_Library\rvmdk\startup_rvmdk.S
      At line 252 in file _00_Library\rvmdk\startup_rvmdk.S
      At line 253 in file _00_Library\rvmdk\startup_rvmdk.S
      At line 325 in file _00_Library\rvmdk\startup_rvmdk.S

NmiSR 00000280

Symbol: NmiSR
   Definitions
      At line 304 in file _00_Library\rvmdk\startup_rvmdk.S
   Uses
      At line 101 in file _00_Library\rvmdk\startup_rvmdk.S
      At line 305 in file _00_Library\rvmdk\startup_rvmdk.S

RESET 00000000

Symbol: RESET
   Definitions
      At line 89 in file _00_Library\rvmdk\startup_rvmdk.S
   Uses
      None
Comment: RESET unused
Reset_Handler 0000026C

Symbol: Reset_Handler
   Definitions
      At line 271 in file _00_Library\rvmdk\startup_rvmdk.S
   Uses
      At line 100 in file _00_Library\rvmdk\startup_rvmdk.S
      At line 270 in file _00_Library\rvmdk\startup_rvmdk.S

__Vectors 00000000

Symbol: __Vectors
   Definitions
      At line 98 in file _00_Library\rvmdk\startup_rvmdk.S
   Uses
      At line 97 in file _00_Library\rvmdk\startup_rvmdk.S
Comment: __Vectors used once
6 symbols



ARM Macro Assembler    Page 1 Alphabetic symbol ordering
Relocatable symbols

.text 00000000

Symbol: .text
   Definitions
      At line 341 in file _00_Library\rvmdk\startup_rvmdk.S
   Uses
      None
Comment: .text unused
__user_initial_stackheap 00000000

Symbol: __user_initial_stackheap
   Definitions
      At line 358 in file _00_Library\rvmdk\startup_rvmdk.S
   Uses
      At line 357 in file _00_Library\rvmdk\startup_rvmdk.S
Comment: __user_initial_stackheap used once
2 symbols



ARM Macro Assembler    Page 1 Alphabetic symbol ordering
Absolute symbols

Heap 00000000

Symbol: Heap
   Definitions
      At line 54 in file _00_Library\rvmdk\startup_rvmdk.S
   Uses
      At line 74 in file _00_Library\rvmdk\startup_rvmdk.S
      At line 361 in file _00_Library\rvmdk\startup_rvmdk.S

Stack 00000100

Symbol: Stack
   Definitions
      At line 47 in file _00_Library\rvmdk\startup_rvmdk.S
   Uses
      At line 63 in file _00_Library\rvmdk\startup_rvmdk.S
      At line 99 in file _00_Library\rvmdk\startup_rvmdk.S
      At line 360 in file _00_Library\rvmdk\startup_rvmdk.S

2 symbols



ARM Macro Assembler    Page 1 Alphabetic symbol ordering
External symbols

GPIOBIntHandler 00000000

Symbol: GPIOBIntHandler
   Definitions
      At line 260 in file _00_Library\rvmdk\startup_rvmdk.S
   Uses
      At line 116 in file _00_Library\rvmdk\startup_rvmdk.S
Comment: GPIOBIntHandler used once
Timer0AIntHandler 00000000

Symbol: Timer0AIntHandler
   Definitions
      At line 259 in file _00_Library\rvmdk\startup_rvmdk.S
   Uses
      At line 134 in file _00_Library\rvmdk\startup_rvmdk.S
Comment: Timer0AIntHandler used once
__main 00000000

Symbol: __main
   Definitions
      At line 294 in file _00_Library\rvmdk\startup_rvmdk.S
   Uses
      At line 295 in file _00_Library\rvmdk\startup_rvmdk.S
Comment: __main used once
__use_two_region_memory 00000000

Symbol: __use_two_region_memory
   Definitions
      At line 356 in file _00_Library\rvmdk\startup_rvmdk.S
   Uses
      None
Comment: __use_two_region_memory unused
4 symbols
358 symbols in table
